C:\ASTAR\ASTAR\RELEASE\ASTAR.EXE.INTERMEDIATE.MANIFEST
C:\ASTAR\ASTAR\RELEASE\ASTAR.OBJ
C:\ASTAR\ASTAR\RELEASE\ASTAR.PCH
C:\ASTAR\ASTAR\RELEASE\STDAFX.OBJ
C:\ASTAR\ASTAR\RELEASE\VC100.PDB
C:\ASTAR\RELEASE\ASTAR.EXE
C:\ASTAR\RELEASE\ASTAR.PDB
C:\Users\Igor\Desktop\Astar\Astar\Release\Astar.exe.intermediate.manifest
C:\Users\Igor\Desktop\Astar\Astar\Release\Astar.obj
C:\Users\Igor\Desktop\Astar\Astar\Release\Astar.pch
C:\Users\Igor\Desktop\Astar\Astar\Release\Astar.write.1.tlog
C:\Users\Igor\Desktop\Astar\Astar\Release\cl.command.1.tlog
C:\Users\Igor\Desktop\Astar\Astar\Release\CL.read.1.tlog
C:\Users\Igor\Desktop\Astar\Astar\Release\CL.write.1.tlog
C:\Users\Igor\Desktop\Astar\Astar\Release\link.command.1.tlog
C:\Users\Igor\Desktop\Astar\Astar\Release\link.read.1.tlog
C:\Users\Igor\Desktop\Astar\Astar\Release\link.write.1.tlog
C:\Users\Igor\Desktop\Astar\Astar\Release\mt.command.1.tlog
C:\Users\Igor\Desktop\Astar\Astar\Release\mt.read.1.tlog
C:\Users\Igor\Desktop\Astar\Astar\Release\mt.write.1.tlog
C:\Users\Igor\Desktop\Astar\Astar\Release\stdafx.obj
C:\Users\Igor\Desktop\Astar\Astar\Release\vc100.pdb
C:\Users\Igor\Desktop\Astar\Release\Astar.exe
C:\Users\Igor\Desktop\Astar\Release\Astar.pdb
