Построение начато 01.12.2017 10:45:52.
     1>Проект "C:\Astar\Astar\Astar.vcxproj" в узле 2 (целевые объекты rebuild).
     1>_PrepareForClean:
         Файл "Debug\Astar.lastbuildstate" удаляется.
       InitializeBuildStatus:
         Создание "Debug\Astar.unsuccessfulbuild", так как было задано "AlwaysCreate".
       ClCompile:
         C:\Program Files (x86)\Microsoft Visual Studio 10.0\VC\bin\CL.exe /c /ZI /nologo /W3 /WX- /Od /Oy- /D WIN32 /D _DEBUG /D _CONSOLE /D _UNICODE /D UNICODE /Gm /EHsc /RTC1 /MDd /GS /fp:precise /Zc:wchar_t /Zc:forScope /Yc"StdAfx.h" /Fp"Debug\Astar.pch" /Fo"Debug\\" /Fd"Debug\vc100.pdb" /Gd /TP /analyze- /errorReport:prompt stdafx.cpp
         stdafx.cpp
         C:\Program Files (x86)\Microsoft Visual Studio 10.0\VC\bin\CL.exe /c /ZI /nologo /W3 /WX- /Od /Oy- /D WIN32 /D _DEBUG /D _CONSOLE /D _UNICODE /D UNICODE /Gm /EHsc /RTC1 /MDd /GS /fp:precise /Zc:wchar_t /Zc:forScope /Yu"StdAfx.h" /Fp"Debug\Astar.pch" /Fo"Debug\\" /Fd"Debug\vc100.pdb" /Gd /TP /analyze- /errorReport:prompt Astar.cpp TestingMapSearch.cpp
         TestingMapSearch.cpp
         Astar.cpp
     1>c:\astar\astar\astar.cpp(1): warning C4627: #include "AStarFindPath.h": пропущен при поиске использования предкомпилированного заголовка
                 Добавление директивы в "StdAfx.h" или перестройка предкомпилированного заголовка
     1>c:\astar\astar\mapsearch.h(74): warning C4996: 'sprintf': This function or variable may be unsafe. Consider using sprintf_s instead. To disable deprecation, use _CRT_SECURE_NO_WARNINGS. See online help for details.
                 c:\program files (x86)\microsoft visual studio 10.0\vc\include\stdio.h(371): см. объявление "sprintf"
     1>c:\astar\astar\mapsearch.h(86): warning C4244: аргумент: преобразование "int" в "float", возможна потеря данных
     1>c:\astar\astar\mapsearch.h(86): warning C4244: аргумент: преобразование "int" в "float", возможна потеря данных
     1>c:\astar\astar\mapsearch.h(170): warning C4305: =: усечение из "double" к "float"
     1>c:\astar\astar\mapsearch.h(179): warning C4305: =: усечение из "double" к "float"
     1>c:\astar\astar\mapsearch.h(188): warning C4305: =: усечение из "double" к "float"
     1>c:\astar\astar\mapsearch.h(198): warning C4305: =: усечение из "double" к "float"
     1>c:\astar\astar\mapsearch.h(211): warning C4305: =: усечение из "double" к "float"
     1>c:\astar\astar\mapsearch.h(212): warning C4305: return: усечение из "double" к "float"
     1>c:\astar\astar\astar.cpp(17): warning C4244: аргумент: преобразование "time_t" в "unsigned int", возможна потеря данных
     1>c:\astar\astar\astar.cpp(28): warning C4996: 'strcpy': This function or variable may be unsafe. Consider using strcpy_s instead. To disable deprecation, use _CRT_SECURE_NO_WARNINGS. See online help for details.
                 c:\program files (x86)\microsoft visual studio 10.0\vc\include\string.h(105): см. объявление "strcpy"
     1>c:\astar\astar\astar.cpp(29): warning C4996: 'strcat': This function or variable may be unsafe. Consider using strcat_s instead. To disable deprecation, use _CRT_SECURE_NO_WARNINGS. See online help for details.
                 c:\program files (x86)\microsoft visual studio 10.0\vc\include\string.h(110): см. объявление "strcat"
     1>c:\astar\astar\astar.cpp(30): warning C4996: 'strcpy': This function or variable may be unsafe. Consider using strcpy_s instead. To disable deprecation, use _CRT_SECURE_NO_WARNINGS. See online help for details.
                 c:\program files (x86)\microsoft visual studio 10.0\vc\include\string.h(105): см. объявление "strcpy"
     1>c:\astar\astar\astar.cpp(31): warning C4996: 'strcat': This function or variable may be unsafe. Consider using strcat_s instead. To disable deprecation, use _CRT_SECURE_NO_WARNINGS. See online help for details.
                 c:\program files (x86)\microsoft visual studio 10.0\vc\include\string.h(110): см. объявление "strcat"
     1>c:\astar\astar\astar.cpp(36): warning C4996: 'fopen': This function or variable may be unsafe. Consider using fopen_s instead. To disable deprecation, use _CRT_SECURE_NO_WARNINGS. See online help for details.
                 c:\program files (x86)\microsoft visual studio 10.0\vc\include\stdio.h(234): см. объявление "fopen"
     1>c:\astar\astar\astar.cpp(42): warning C4996: 'fscanf': This function or variable may be unsafe. Consider using fscanf_s instead. To disable deprecation, use _CRT_SECURE_NO_WARNINGS. See online help for details.
                 c:\program files (x86)\microsoft visual studio 10.0\vc\include\stdio.h(253): см. объявление "fscanf"
     1>c:\astar\astar\astar.cpp(47): warning C4996: 'fscanf': This function or variable may be unsafe. Consider using fscanf_s instead. To disable deprecation, use _CRT_SECURE_NO_WARNINGS. See online help for details.
                 c:\program files (x86)\microsoft visual studio 10.0\vc\include\stdio.h(253): см. объявление "fscanf"
     1>c:\astar\astar\astar.cpp(56): warning C4996: 'fscanf': This function or variable may be unsafe. Consider using fscanf_s instead. To disable deprecation, use _CRT_SECURE_NO_WARNINGS. See online help for details.
                 c:\program files (x86)\microsoft visual studio 10.0\vc\include\stdio.h(253): см. объявление "fscanf"
     1>c:\astar\astar\astar.cpp(80): warning C4996: 'fopen': This function or variable may be unsafe. Consider using fopen_s instead. To disable deprecation, use _CRT_SECURE_NO_WARNINGS. See online help for details.
                 c:\program files (x86)\microsoft visual studio 10.0\vc\include\stdio.h(234): см. объявление "fopen"
     1>c:\astar\astar\astar.cpp(86): warning C4996: 'fscanf': This function or variable may be unsafe. Consider using fscanf_s instead. To disable deprecation, use _CRT_SECURE_NO_WARNINGS. See online help for details.
                 c:\program files (x86)\microsoft visual studio 10.0\vc\include\stdio.h(253): см. объявление "fscanf"
     1>c:\astar\astar\astar.cpp(87): warning C4996: 'fscanf': This function or variable may be unsafe. Consider using fscanf_s instead. To disable deprecation, use _CRT_SECURE_NO_WARNINGS. See online help for details.
                 c:\program files (x86)\microsoft visual studio 10.0\vc\include\stdio.h(253): см. объявление "fscanf"
     1>c:\astar\astar\astar.cpp(88): warning C4996: 'fscanf': This function or variable may be unsafe. Consider using fscanf_s instead. To disable deprecation, use _CRT_SECURE_NO_WARNINGS. See online help for details.
                 c:\program files (x86)\microsoft visual studio 10.0\vc\include\stdio.h(253): см. объявление "fscanf"
     1>c:\astar\astar\astar.cpp(89): warning C4996: 'fscanf': This function or variable may be unsafe. Consider using fscanf_s instead. To disable deprecation, use _CRT_SECURE_NO_WARNINGS. See online help for details.
                 c:\program files (x86)\microsoft visual studio 10.0\vc\include\stdio.h(253): см. объявление "fscanf"
         Создание кода...
     1>c:\astar\astar\mapsearch.h(216): warning C4715: MapSearchNode::GetCost: значение возвращается не при всех путях выполнения
       Link:
         C:\Program Files (x86)\Microsoft Visual Studio 10.0\VC\bin\link.exe /ERRORREPORT:PROMPT /OUT:"C:\Astar\Debug\Astar.exe" /INCREMENTAL:NO /NOLOGO kernel32.lib user32.lib gdi32.lib winspool.lib comdlg32.lib advapi32.lib shell32.lib ole32.lib oleaut32.lib uuid.lib odbc32.lib odbccp32.lib /MANIFEST /ManifestFile:"Debug\Astar.exe.intermediate.manifest" /MANIFESTUAC:"level='asInvoker' uiAccess='false'" /DEBUG /PDB:"C:\Astar\Debug\Astar.pdb" /SUBSYSTEM:CONSOLE /TLBID:1 /DYNAMICBASE /NXCOMPAT /IMPLIB:"C:\Astar\Debug\Astar.lib" /MACHINE:X86 Debug\Astar.obj
         Debug\stdafx.obj
         Debug\TestingMapSearch.obj
     1>Astar.obj : warning LNK4075: не учитывается "/EDITANDCONTINUE" из-за спецификации "/INCREMENTAL:NO"
         Astar.vcxproj -> C:\Astar\Debug\Astar.exe
       Manifest:
         C:\Program Files (x86)\Microsoft SDKs\Windows\v7.0A\bin\mt.exe /nologo /verbose /outputresource:"C:\Astar\Debug\Astar.exe;#1" /manifest Debug\Astar.exe.intermediate.manifest
       FinalizeBuildStatus:
         Файл "Debug\Astar.unsuccessfulbuild" удаляется.
         Обращение к "Debug\Astar.lastbuildstate".
     1>Построение проекта "C:\Astar\Astar\Astar.vcxproj" завершено (целевые объекты rebuild).

Построение успешно завершено.

Затраченное время: 00:00:01.11
