C:\Astar\Astar\Debug\Astar.exe.intermediate.manifest
C:\Astar\Astar\Debug\Astar.obj
C:\Astar\Astar\Debug\Astar.pch
C:\Astar\Astar\Debug\Astar.write.1.tlog
C:\Astar\Astar\Debug\cl.command.1.tlog
C:\Astar\Astar\Debug\CL.read.1.tlog
C:\Astar\Astar\Debug\CL.write.1.tlog
C:\Astar\Astar\Debug\link.command.1.tlog
C:\Astar\Astar\Debug\link.read.1.tlog
C:\Astar\Astar\Debug\link.write.1.tlog
C:\Astar\Astar\Debug\mt.command.1.tlog
C:\Astar\Astar\Debug\mt.read.1.tlog
C:\Astar\Astar\Debug\mt.write.1.tlog
C:\Astar\Astar\Debug\stdafx.obj
C:\Astar\Astar\Debug\TestingMapSearch.obj
C:\Astar\Astar\Debug\vc100.idb
C:\Astar\Astar\Debug\vc100.pdb
C:\USERS\IGOR\DESKTOP\ASTAR\ASTAR\DEBUG\ASTAR.EXE.INTERMEDIATE.MANIFEST
C:\USERS\IGOR\DESKTOP\ASTAR\ASTAR\DEBUG\ASTAR.OBJ
C:\USERS\IGOR\DESKTOP\ASTAR\ASTAR\DEBUG\ASTAR.PCH
C:\USERS\IGOR\DESKTOP\ASTAR\ASTAR\DEBUG\STDAFX.OBJ
C:\USERS\IGOR\DESKTOP\ASTAR\ASTAR\DEBUG\TESTINGMAPSEARCH.OBJ
C:\USERS\IGOR\DESKTOP\ASTAR\ASTAR\DEBUG\VC100.PDB
C:\USERS\IGOR\DESKTOP\ASTAR\DEBUG\ASTAR.EXE
C:\USERS\IGOR\DESKTOP\ASTAR\DEBUG\ASTAR.PDB
